<?xml version="1.0" encoding="UTF-8"?>
<!-- Generated by org.testng.reporters.JUnitReportReporter -->
<testsuite hostname="Sanjeevkumar" name="com.FirstMaven.TestCases.TC_LoginTest_001" tests="1" failures="0" timestamp="11 Jul 2019 16:28:09 GMT" time="8.735" errors="0">
  <testcase name="LoginTest" time="8.735" classname="com.FirstMaven.TestCases.TC_LoginTest_001"/>
</testsuite> <!-- com.FirstMaven.TestCases.TC_LoginTest_001 -->
