<?xml version="1.0" encoding="UTF-8"?>
<!-- Generated by org.testng.reporters.JUnitReportReporter -->
<testsuite hostname="Sanjeevkumar" name="com.FirstMaven.TestCases.TC_LoginTest_002" tests="4" failures="0" timestamp="11 Jul 2019 16:28:09 GMT" time="26.102" errors="0">
  <testcase name="Login_DDT" time="4.492" classname="com.FirstMaven.TestCases.TC_LoginTest_002"/>
  <testcase name="Login_DDT" time="6.409" classname="com.FirstMaven.TestCases.TC_LoginTest_002"/>
  <testcase name="Login_DDT" time="9.782" classname="com.FirstMaven.TestCases.TC_LoginTest_002"/>
  <testcase name="Login_DDT" time="5.419" classname="com.FirstMaven.TestCases.TC_LoginTest_002"/>
</testsuite> <!-- com.FirstMaven.TestCases.TC_LoginTest_002 -->
