<?xml version="1.0" encoding="UTF-8"?>
<!-- Generated by org.testng.reporters.JUnitReportReporter -->
<testsuite hostname="Sanjeevkumar" name="com.FirstMaven.TestCases.TC_LginTest_002" tests="3" failures="0" timestamp="10 Jul 2019 09:36:46 GMT" time="19.912" errors="0">
  <testcase name="Login_DDT" time="8.058" classname="com.FirstMaven.TestCases.TC_LginTest_002"/>
  <testcase name="Login_DDT" time="5.547" classname="com.FirstMaven.TestCases.TC_LginTest_002"/>
  <testcase name="Login_DDT" time="6.307" classname="com.FirstMaven.TestCases.TC_LginTest_002"/>
</testsuite> <!-- com.FirstMaven.TestCases.TC_LginTest_002 -->
