<?xml version="1.0" encoding="UTF-8"?>
<!-- Generated by org.testng.reporters.JUnitReportReporter -->
<testsuite skipped="0" hostname="Sanjeevkumar" name="com.FirstMaven.TestCases.TC_LoginTest_002" tests="4" failures="0" timestamp="17 Jul 2019 02:30:54 GMT" time="16.521" errors="0">
  <testcase name="Login_DDT" time="3.220" classname="com.FirstMaven.TestCases.TC_LoginTest_002"/>
  <testcase name="Login_DDT" time="3.369" classname="com.FirstMaven.TestCases.TC_LoginTest_002"/>
  <testcase name="Login_DDT" time="4.794" classname="com.FirstMaven.TestCases.TC_LoginTest_002"/>
  <testcase name="Login_DDT" time="5.138" classname="com.FirstMaven.TestCases.TC_LoginTest_002"/>
</testsuite> <!-- com.FirstMaven.TestCases.TC_LoginTest_002 -->
