<?xml version="1.0" encoding="UTF-8"?>
<!-- Generated by org.testng.reporters.JUnitReportReporter -->
<testsuite skipped="0" hostname="Sanjeevkumar" name="com.FirstMaven.TestCases.TC_LoginTest_001" tests="1" failures="0" timestamp="17 Jul 2019 02:30:54 GMT" time="8.045" errors="0">
  <testcase name="LoginTest" time="8.045" classname="com.FirstMaven.TestCases.TC_LoginTest_001"/>
</testsuite> <!-- com.FirstMaven.TestCases.TC_LoginTest_001 -->
